package configuration for libffi is not found
have_header: checking for ffi.h... -------------------- no

"gcc -o conftest -I/home/istpl/.rvm/rubies/ruby-1.9.2-p320/include/ruby-1.9.1/i686-linux -I/home/istpl/.rvm/rubies/ruby-1.9.2-p320/include/ruby-1.9.1/ruby/backward -I/home/istpl/.rvm/rubies/ruby-1.9.2-p320/include/ruby-1.9.1 -I.  -D_FILE_OFFSET_BITS=64   -O3 -ggdb -Wextra -Wno-unused-parameter -Wno-parentheses -Wpointer-arith -Wwrite-strings -Wno-missing-field-initializers -Wno-long-long  -fPIC conftest.c  -L. -L/home/istpl/.rvm/rubies/ruby-1.9.2-p320/lib -Wl,-R/home/istpl/.rvm/rubies/ruby-1.9.2-p320/lib -L.  -rdynamic -Wl,-export-dynamic     -Wl,-R -Wl,/home/istpl/.rvm/rubies/ruby-1.9.2-p320/lib -L/home/istpl/.rvm/rubies/ruby-1.9.2-p320/lib -lruby-static  -lpthread -lrt -ldl -lcrypt -lm   -lc"
checked program was:
/* begin */
1: #include "ruby.h"
2: 
3: int main() {return 0;}
/* end */

"gcc -E -I/home/istpl/.rvm/rubies/ruby-1.9.2-p320/include/ruby-1.9.1/i686-linux -I/home/istpl/.rvm/rubies/ruby-1.9.2-p320/include/ruby-1.9.1/ruby/backward -I/home/istpl/.rvm/rubies/ruby-1.9.2-p320/include/ruby-1.9.1 -I.  -D_FILE_OFFSET_BITS=64   -O3 -ggdb -Wextra -Wno-unused-parameter -Wno-parentheses -Wpointer-arith -Wwrite-strings -Wno-missing-field-initializers -Wno-long-long  -fPIC  conftest.c -o conftest.i"
conftest.c:3:17: fatal error: ffi.h: No such file or directory
compilation terminated.
checked program was:
/* begin */
1: #include "ruby.h"
2: 
3: #include <ffi.h>
/* end */

--------------------

find_header: checking for ffi.h in /usr/local/include,/usr/include/ffi... -------------------- no

"gcc -E -I/home/istpl/.rvm/rubies/ruby-1.9.2-p320/include/ruby-1.9.1/i686-linux -I/home/istpl/.rvm/rubies/ruby-1.9.2-p320/include/ruby-1.9.1/ruby/backward -I/home/istpl/.rvm/rubies/ruby-1.9.2-p320/include/ruby-1.9.1 -I.  -D_FILE_OFFSET_BITS=64   -O3 -ggdb -Wextra -Wno-unused-parameter -Wno-parentheses -Wpointer-arith -Wwrite-strings -Wno-missing-field-initializers -Wno-long-long  -fPIC  conftest.c -o conftest.i"
conftest.c:3:17: fatal error: ffi.h: No such file or directory
compilation terminated.
checked program was:
/* begin */
1: #include "ruby.h"
2: 
3: #include <ffi.h>
/* end */

"gcc -E -I/home/istpl/.rvm/rubies/ruby-1.9.2-p320/include/ruby-1.9.1/i686-linux -I/home/istpl/.rvm/rubies/ruby-1.9.2-p320/include/ruby-1.9.1/ruby/backward -I/home/istpl/.rvm/rubies/ruby-1.9.2-p320/include/ruby-1.9.1 -I.  -D_FILE_OFFSET_BITS=64   -O3 -ggdb -Wextra -Wno-unused-parameter -Wno-parentheses -Wpointer-arith -Wwrite-strings -Wno-missing-field-initializers -Wno-long-long  -fPIC -I/usr/local/include conftest.c -o conftest.i"
conftest.c:3:17: fatal error: ffi.h: No such file or directory
compilation terminated.
checked program was:
/* begin */
1: #include "ruby.h"
2: 
3: #include <ffi.h>
/* end */

"gcc -E -I/home/istpl/.rvm/rubies/ruby-1.9.2-p320/include/ruby-1.9.1/i686-linux -I/home/istpl/.rvm/rubies/ruby-1.9.2-p320/include/ruby-1.9.1/ruby/backward -I/home/istpl/.rvm/rubies/ruby-1.9.2-p320/include/ruby-1.9.1 -I.  -D_FILE_OFFSET_BITS=64   -O3 -ggdb -Wextra -Wno-unused-parameter -Wno-parentheses -Wpointer-arith -Wwrite-strings -Wno-missing-field-initializers -Wno-long-long  -fPIC -I/usr/include/ffi conftest.c -o conftest.i"
conftest.c:3:17: fatal error: ffi.h: No such file or directory
compilation terminated.
checked program was:
/* begin */
1: #include "ruby.h"
2: 
3: #include <ffi.h>
/* end */

--------------------

have_func: checking for rb_thread_blocking_region()... -------------------- yes

"gcc -o conftest -I/home/istpl/.rvm/rubies/ruby-1.9.2-p320/include/ruby-1.9.1/i686-linux -I/home/istpl/.rvm/rubies/ruby-1.9.2-p320/include/ruby-1.9.1/ruby/backward -I/home/istpl/.rvm/rubies/ruby-1.9.2-p320/include/ruby-1.9.1 -I.  -D_FILE_OFFSET_BITS=64   -O3 -ggdb -Wextra -Wno-unused-parameter -Wno-parentheses -Wpointer-arith -Wwrite-strings -Wno-missing-field-initializers -Wno-long-long  -fPIC conftest.c  -L. -L/home/istpl/.rvm/rubies/ruby-1.9.2-p320/lib -Wl,-R/home/istpl/.rvm/rubies/ruby-1.9.2-p320/lib -L.  -rdynamic -Wl,-export-dynamic     -Wl,-R -Wl,/home/istpl/.rvm/rubies/ruby-1.9.2-p320/lib -L/home/istpl/.rvm/rubies/ruby-1.9.2-p320/lib -lruby-static  -lpthread -lrt -ldl -lcrypt -lm   -lc"
checked program was:
/* begin */
1: #include "ruby.h"
2: 
3: /*top*/
4: int main() {return 0;}
5: int t() { void ((*volatile p)()); p = (void ((*)()))rb_thread_blocking_region; return 0; }
/* end */

--------------------

have_func: checking for rb_thread_call_with_gvl()... -------------------- yes

"gcc -o conftest -I/home/istpl/.rvm/rubies/ruby-1.9.2-p320/include/ruby-1.9.1/i686-linux -I/home/istpl/.rvm/rubies/ruby-1.9.2-p320/include/ruby-1.9.1/ruby/backward -I/home/istpl/.rvm/rubies/ruby-1.9.2-p320/include/ruby-1.9.1 -I.  -D_FILE_OFFSET_BITS=64   -O3 -ggdb -Wextra -Wno-unused-parameter -Wno-parentheses -Wpointer-arith -Wwrite-strings -Wno-missing-field-initializers -Wno-long-long  -fPIC conftest.c  -L. -L/home/istpl/.rvm/rubies/ruby-1.9.2-p320/lib -Wl,-R/home/istpl/.rvm/rubies/ruby-1.9.2-p320/lib -L.  -rdynamic -Wl,-export-dynamic     -Wl,-R -Wl,/home/istpl/.rvm/rubies/ruby-1.9.2-p320/lib -L/home/istpl/.rvm/rubies/ruby-1.9.2-p320/lib -lruby-static  -lpthread -lrt -ldl -lcrypt -lm   -lc"
conftest.c: In function ‘t’:
conftest.c:5:53: error: ‘rb_thread_call_with_gvl’ undeclared (first use in this function)
conftest.c:5:53: note: each undeclared identifier is reported only once for each function it appears in
checked program was:
/* begin */
1: #include "ruby.h"
2: 
3: /*top*/
4: int main() {return 0;}
5: int t() { void ((*volatile p)()); p = (void ((*)()))rb_thread_call_with_gvl; return 0; }
/* end */

"gcc -o conftest -I/home/istpl/.rvm/rubies/ruby-1.9.2-p320/include/ruby-1.9.1/i686-linux -I/home/istpl/.rvm/rubies/ruby-1.9.2-p320/include/ruby-1.9.1/ruby/backward -I/home/istpl/.rvm/rubies/ruby-1.9.2-p320/include/ruby-1.9.1 -I.  -D_FILE_OFFSET_BITS=64   -O3 -ggdb -Wextra -Wno-unused-parameter -Wno-parentheses -Wpointer-arith -Wwrite-strings -Wno-missing-field-initializers -Wno-long-long  -fPIC conftest.c  -L. -L/home/istpl/.rvm/rubies/ruby-1.9.2-p320/lib -Wl,-R/home/istpl/.rvm/rubies/ruby-1.9.2-p320/lib -L.  -rdynamic -Wl,-export-dynamic     -Wl,-R -Wl,/home/istpl/.rvm/rubies/ruby-1.9.2-p320/lib -L/home/istpl/.rvm/rubies/ruby-1.9.2-p320/lib -lruby-static  -lpthread -lrt -ldl -lcrypt -lm   -lc"
checked program was:
/* begin */
1: #include "ruby.h"
2: 
3: /*top*/
4: int main() {return 0;}
5: int t() { rb_thread_call_with_gvl(); return 0; }
/* end */

--------------------

have_func: checking for rb_thread_call_without_gvl()... -------------------- yes

"gcc -o conftest -I/home/istpl/.rvm/rubies/ruby-1.9.2-p320/include/ruby-1.9.1/i686-linux -I/home/istpl/.rvm/rubies/ruby-1.9.2-p320/include/ruby-1.9.1/ruby/backward -I/home/istpl/.rvm/rubies/ruby-1.9.2-p320/include/ruby-1.9.1 -I.  -D_FILE_OFFSET_BITS=64   -O3 -ggdb -Wextra -Wno-unused-parameter -Wno-parentheses -Wpointer-arith -Wwrite-strings -Wno-missing-field-initializers -Wno-long-long  -fPIC conftest.c  -L. -L/home/istpl/.rvm/rubies/ruby-1.9.2-p320/lib -Wl,-R/home/istpl/.rvm/rubies/ruby-1.9.2-p320/lib -L.  -rdynamic -Wl,-export-dynamic     -Wl,-R -Wl,/home/istpl/.rvm/rubies/ruby-1.9.2-p320/lib -L/home/istpl/.rvm/rubies/ruby-1.9.2-p320/lib -lruby-static  -lpthread -lrt -ldl -lcrypt -lm   -lc"
conftest.c: In function ‘t’:
conftest.c:5:53: error: ‘rb_thread_call_without_gvl’ undeclared (first use in this function)
conftest.c:5:53: note: each undeclared identifier is reported only once for each function it appears in
checked program was:
/* begin */
1: #include "ruby.h"
2: 
3: /*top*/
4: int main() {return 0;}
5: int t() { void ((*volatile p)()); p = (void ((*)()))rb_thread_call_without_gvl; return 0; }
/* end */

"gcc -o conftest -I/home/istpl/.rvm/rubies/ruby-1.9.2-p320/include/ruby-1.9.1/i686-linux -I/home/istpl/.rvm/rubies/ruby-1.9.2-p320/include/ruby-1.9.1/ruby/backward -I/home/istpl/.rvm/rubies/ruby-1.9.2-p320/include/ruby-1.9.1 -I.  -D_FILE_OFFSET_BITS=64   -O3 -ggdb -Wextra -Wno-unused-parameter -Wno-parentheses -Wpointer-arith -Wwrite-strings -Wno-missing-field-initializers -Wno-long-long  -fPIC conftest.c  -L. -L/home/istpl/.rvm/rubies/ruby-1.9.2-p320/lib -Wl,-R/home/istpl/.rvm/rubies/ruby-1.9.2-p320/lib -L.  -rdynamic -Wl,-export-dynamic     -Wl,-R -Wl,/home/istpl/.rvm/rubies/ruby-1.9.2-p320/lib -L/home/istpl/.rvm/rubies/ruby-1.9.2-p320/lib -lruby-static  -lpthread -lrt -ldl -lcrypt -lm   -lc"
checked program was:
/* begin */
1: #include "ruby.h"
2: 
3: /*top*/
4: int main() {return 0;}
5: int t() { rb_thread_call_without_gvl(); return 0; }
/* end */

--------------------

have_func: checking for ffi_prep_cif_var()... -------------------- no

"gcc -o conftest -I/home/istpl/.rvm/rubies/ruby-1.9.2-p320/include/ruby-1.9.1/i686-linux -I/home/istpl/.rvm/rubies/ruby-1.9.2-p320/include/ruby-1.9.1/ruby/backward -I/home/istpl/.rvm/rubies/ruby-1.9.2-p320/include/ruby-1.9.1 -I.  -D_FILE_OFFSET_BITS=64   -O3 -ggdb -Wextra -Wno-unused-parameter -Wno-parentheses -Wpointer-arith -Wwrite-strings -Wno-missing-field-initializers -Wno-long-long  -fPIC conftest.c  -L. -L/home/istpl/.rvm/rubies/ruby-1.9.2-p320/lib -Wl,-R/home/istpl/.rvm/rubies/ruby-1.9.2-p320/lib -L.  -rdynamic -Wl,-export-dynamic     -Wl,-R -Wl,/home/istpl/.rvm/rubies/ruby-1.9.2-p320/lib -L/home/istpl/.rvm/rubies/ruby-1.9.2-p320/lib -lruby-static  -lpthread -lrt -ldl -lcrypt -lm   -lc"
conftest.c: In function ‘t’:
conftest.c:5:53: error: ‘ffi_prep_cif_var’ undeclared (first use in this function)
conftest.c:5:53: note: each undeclared identifier is reported only once for each function it appears in
checked program was:
/* begin */
1: #include "ruby.h"
2: 
3: /*top*/
4: int main() {return 0;}
5: int t() { void ((*volatile p)()); p = (void ((*)()))ffi_prep_cif_var; return 0; }
/* end */

"gcc -o conftest -I/home/istpl/.rvm/rubies/ruby-1.9.2-p320/include/ruby-1.9.1/i686-linux -I/home/istpl/.rvm/rubies/ruby-1.9.2-p320/include/ruby-1.9.1/ruby/backward -I/home/istpl/.rvm/rubies/ruby-1.9.2-p320/include/ruby-1.9.1 -I.  -D_FILE_OFFSET_BITS=64   -O3 -ggdb -Wextra -Wno-unused-parameter -Wno-parentheses -Wpointer-arith -Wwrite-strings -Wno-missing-field-initializers -Wno-long-long  -fPIC conftest.c  -L. -L/home/istpl/.rvm/rubies/ruby-1.9.2-p320/lib -Wl,-R/home/istpl/.rvm/rubies/ruby-1.9.2-p320/lib -L.  -rdynamic -Wl,-export-dynamic     -Wl,-R -Wl,/home/istpl/.rvm/rubies/ruby-1.9.2-p320/lib -L/home/istpl/.rvm/rubies/ruby-1.9.2-p320/lib -lruby-static  -lpthread -lrt -ldl -lcrypt -lm   -lc"
/tmp/ccbQ90eU.o: In function `t':
/home/istpl/Documents/redmine-2.3.0/vendor/bundle/ruby/1.9.1/gems/ffi-1.9.0/ext/ffi_c/conftest.c:5: undefined reference to `ffi_prep_cif_var'
collect2: ld returned 1 exit status
checked program was:
/* begin */
1: #include "ruby.h"
2: 
3: /*top*/
4: int main() {return 0;}
5: int t() { ffi_prep_cif_var(); return 0; }
/* end */

--------------------

